<?xml version="1.0" encoding="UTF-8"?>
<!-- Generated by org.testng.reporters.JUnitReportReporter -->
<testsuite hostname="LAPTOP-KOST74H3" name="Login.LoginTest" tests="1" failures="0" timestamp="12 Feb 2019 11:17:07 GMT" time="50.399" errors="0">
  <testcase name="testEasy" time="50.399" classname="Login.LoginTest"/>
</testsuite> <!-- Login.LoginTest -->
