<?xml version="1.0" encoding="UTF-8"?>
<!-- Generated by org.testng.reporters.JUnitReportReporter -->
<testsuite hostname="LAPTOP-KOST74H3" name="Login.LoginTest" tests="1" failures="0" timestamp="12 Feb 2019 12:06:59 GMT" time="44.631" errors="0">
  <testcase name="testEasy" time="44.631" classname="Login.LoginTest"/>
</testsuite> <!-- Login.LoginTest -->
